<?xml version="1.0" encoding="UTF-8"?>
<testng-results skipped="0" failed="0" ignored="0" total="1" passed="1">
  <reporter-output>
  </reporter-output>
  <suite name="Testing" duration-ms="92182" started-at="2018-10-24T15:06:20Z" finished-at="2018-10-24T15:07:52Z">
    <groups>
    </groups>
    <test name="SearchPage" duration-ms="92182" started-at="2018-10-24T15:06:20Z" finished-at="2018-10-24T15:07:52Z">
      <class name="TestEclipse.TestSearch.RunnerTest">
        <test-method status="PASS" signature="beforeClass()[pri:0, instance:TestEclipse.TestSearch.RunnerTest@7a3d45bd]" name="beforeClass" is-config="true" duration-ms="7848" started-at="2018-10-24T15:06:20Z" finished-at="2018-10-24T15:06:27Z">
          <reporter-output>
          </reporter-output>
        </test-method> <!-- beforeClass -->
        <test-method status="PASS" signature="test()[pri:0, instance:TestEclipse.TestSearch.RunnerTest@7a3d45bd]" name="test" duration-ms="82803" started-at="2018-10-24T15:06:27Z" finished-at="2018-10-24T15:07:50Z">
          <reporter-output>
          </reporter-output>
        </test-method> <!-- test -->
        <test-method status="PASS" signature="afterClass()[pri:0, instance:TestEclipse.TestSearch.RunnerTest@7a3d45bd]" name="afterClass" is-config="true" duration-ms="1498" started-at="2018-10-24T15:07:50Z" finished-at="2018-10-24T15:07:52Z">
          <reporter-output>
          </reporter-output>
        </test-method> <!-- afterClass -->
      </class> <!-- TestEclipse.TestSearch.RunnerTest -->
    </test> <!-- SearchPage -->
  </suite> <!-- Testing -->
</testng-results>
